Arguments: 
  C:\Program Files\nodejs\node.exe C:\Users\Ja\AppData\Roaming\npm\node_modules\yarn\bin\yarn.js init

PATH: 
  C:\Users\Ja\bin;C:\Program Files\Git\mingw64\bin;C:\Program Files\Git\usr\local\bin;C:\Program Files\Git\usr\bin;C:\Program Files\Git\usr\bin;C:\Program Files\Git\mingw64\bin;C:\Program Files\Git\usr\bin;C:\Users\Ja\bin;C:\Program Files (x86)\Common Files\Oracle\Java\javapath;C:\Program Files (x86)\Common Files\Intel\Shared Libraries\redist\intel64\compiler;C:\Windows\system32;C:\Windows;C:\Windows\system32\wbem;C:\ProgramData\Oracle\Java\javapath;C:\Program Files (x86)\Intel\iCLS Client;C:\Program Files\Intel\iCLS Client;C:\Program Files (x86)\AMD APP\bin\x86_64;C:\Program Files (x86)\AMD APP\bin\x86;C:\Windows\System32\WindowsPowerShell\v1.0;C:\Program Files (x86)\ATI Technologies\ATI.ACE\Core-Static;C:\Program Files\Intel\Intel(R) Management Engine Components\DAL;C:\Program Files\Intel\Intel(R) Management Engine Components\IPT;C:\Program Files (x86)\Intel\Intel(R) Management Engine Components\DAL;C:\Program Files (x86)\Intel\Intel(R) Management Engine Components\IPT;C:\Program Files\Common Files\Autodesk Shared;C:\Program Files (x86)\QuickTime\QTSystem;C:\Program Files\Common Files\Autodesk Shared;C:\Program Files\Microsoft SQL Server\120\Tools\Binn;C:\Program Files (x86)\HP\Common\HPDestPlgIn;C:\Program Files\Git\cmd;C:\Program Files\nodejs;C:\Users\Ja\AppData\Local\Programs\Python\Python38\Scripts;C:\Users\Ja\AppData\Local\Programs\Python\Python38;C:\Program Files (x86)\HP\Common\HPDestPlgIn;D:\Programowanie\Visual Studio Code\Microsoft VS Code\bin;D:\Programowanie\PyCharm\PyCharm Community Edition 2020.3.2\bin;C:\Users\Ja\AppData\Local\atom\bin;C:\Program Files\heroku\bin;C:\Users\Ja\AppData\Roaming\npm;C:\Program Files\Git\usr\bin\vendor_perl;C:\Program Files\Git\usr\bin\core_perl

Yarn version: 
  1.22.10

Node version: 
  12.13.0

Platform: 
  win32 x64

Trace: 
  Error: Can't answer a question unless a user TTY
      at ConsoleReporter.question (C:\Users\Ja\AppData\Roaming\npm\node_modules\yarn\lib\cli.js:96361:59)
      at Object.<anonymous> (C:\Users\Ja\AppData\Roaming\npm\node_modules\yarn\lib\cli.js:88636:38)
      at Generator.next (<anonymous>)
      at step (C:\Users\Ja\AppData\Roaming\npm\node_modules\yarn\lib\cli.js:310:30)
      at C:\Users\Ja\AppData\Roaming\npm\node_modules\yarn\lib\cli.js:321:13

npm manifest: 
  {
    "name": "BooksApi",
    "version": "1.0.0",
    "main": "index.js",
    "license": "MIT",
    "dependencies": {
      "express": "^4.17.1",
      "yarn": "^1.22.11"
    }
  }

yarn manifest: 
  No manifest

Lockfile: 
  No lockfile
